ARM GAS  C:\Users\einom\AppData\Local\Temp\ccWimFub.s 			page 1


   1              		.cpu cortex-m4
   2              		.arch armv7e-m
   3              		.fpu fpv4-sp-d16
   4              		.eabi_attribute 27, 1
   5              		.eabi_attribute 28, 1
   6              		.eabi_attribute 20, 1
   7              		.eabi_attribute 21, 1
   8              		.eabi_attribute 23, 3
   9              		.eabi_attribute 24, 1
  10              		.eabi_attribute 25, 1
  11              		.eabi_attribute 26, 1
  12              		.eabi_attribute 30, 1
  13              		.eabi_attribute 34, 1
  14              		.eabi_attribute 18, 4
  15              		.file	"stm32f4xx_it.c"
  16              		.text
  17              	.Ltext0:
  18              		.cfi_sections	.debug_frame
  19              		.file 1 "Core/Src/stm32f4xx_it.c"
  20              		.section	.text.NMI_Handler,"ax",%progbits
  21              		.align	1
  22              		.global	NMI_Handler
  23              		.syntax unified
  24              		.thumb
  25              		.thumb_func
  27              	NMI_Handler:
  28              	.LFB134:
   1:Core/Src/stm32f4xx_it.c **** /* USER CODE BEGIN Header */
   2:Core/Src/stm32f4xx_it.c **** /**
   3:Core/Src/stm32f4xx_it.c ****   ******************************************************************************
   4:Core/Src/stm32f4xx_it.c ****   * @file    stm32f4xx_it.c
   5:Core/Src/stm32f4xx_it.c ****   * @brief   Interrupt Service Routines.
   6:Core/Src/stm32f4xx_it.c ****   ******************************************************************************
   7:Core/Src/stm32f4xx_it.c ****   * @attention
   8:Core/Src/stm32f4xx_it.c ****   *
   9:Core/Src/stm32f4xx_it.c ****   * Copyright (c) 2025 STMicroelectronics.
  10:Core/Src/stm32f4xx_it.c ****   * All rights reserved.
  11:Core/Src/stm32f4xx_it.c ****   *
  12:Core/Src/stm32f4xx_it.c ****   * This software is licensed under terms that can be found in the LICENSE file
  13:Core/Src/stm32f4xx_it.c ****   * in the root directory of this software component.
  14:Core/Src/stm32f4xx_it.c ****   * If no LICENSE file comes with this software, it is provided AS-IS.
  15:Core/Src/stm32f4xx_it.c ****   *
  16:Core/Src/stm32f4xx_it.c ****   ******************************************************************************
  17:Core/Src/stm32f4xx_it.c ****   */
  18:Core/Src/stm32f4xx_it.c **** /* USER CODE END Header */
  19:Core/Src/stm32f4xx_it.c **** 
  20:Core/Src/stm32f4xx_it.c **** /* Includes ------------------------------------------------------------------*/
  21:Core/Src/stm32f4xx_it.c **** #include "main.h"
  22:Core/Src/stm32f4xx_it.c **** #include "stm32f4xx_it.h"
  23:Core/Src/stm32f4xx_it.c **** /* Private includes ----------------------------------------------------------*/
  24:Core/Src/stm32f4xx_it.c **** /* USER CODE BEGIN Includes */
  25:Core/Src/stm32f4xx_it.c **** /* USER CODE END Includes */
  26:Core/Src/stm32f4xx_it.c **** 
  27:Core/Src/stm32f4xx_it.c **** /* Private typedef -----------------------------------------------------------*/
  28:Core/Src/stm32f4xx_it.c **** /* USER CODE BEGIN TD */
  29:Core/Src/stm32f4xx_it.c **** 
  30:Core/Src/stm32f4xx_it.c **** /* USER CODE END TD */
ARM GAS  C:\Users\einom\AppData\Local\Temp\ccWimFub.s 			page 2


  31:Core/Src/stm32f4xx_it.c **** 
  32:Core/Src/stm32f4xx_it.c **** /* Private define ------------------------------------------------------------*/
  33:Core/Src/stm32f4xx_it.c **** /* USER CODE BEGIN PD */
  34:Core/Src/stm32f4xx_it.c **** 
  35:Core/Src/stm32f4xx_it.c **** /* USER CODE END PD */
  36:Core/Src/stm32f4xx_it.c **** 
  37:Core/Src/stm32f4xx_it.c **** /* Private macro -------------------------------------------------------------*/
  38:Core/Src/stm32f4xx_it.c **** /* USER CODE BEGIN PM */
  39:Core/Src/stm32f4xx_it.c **** 
  40:Core/Src/stm32f4xx_it.c **** /* USER CODE END PM */
  41:Core/Src/stm32f4xx_it.c **** 
  42:Core/Src/stm32f4xx_it.c **** /* Private variables ---------------------------------------------------------*/
  43:Core/Src/stm32f4xx_it.c **** /* USER CODE BEGIN PV */
  44:Core/Src/stm32f4xx_it.c **** 
  45:Core/Src/stm32f4xx_it.c **** /* USER CODE END PV */
  46:Core/Src/stm32f4xx_it.c **** 
  47:Core/Src/stm32f4xx_it.c **** /* Private function prototypes -----------------------------------------------*/
  48:Core/Src/stm32f4xx_it.c **** /* USER CODE BEGIN PFP */
  49:Core/Src/stm32f4xx_it.c **** 
  50:Core/Src/stm32f4xx_it.c **** /* USER CODE END PFP */
  51:Core/Src/stm32f4xx_it.c **** 
  52:Core/Src/stm32f4xx_it.c **** /* Private user code ---------------------------------------------------------*/
  53:Core/Src/stm32f4xx_it.c **** /* USER CODE BEGIN 0 */
  54:Core/Src/stm32f4xx_it.c **** 
  55:Core/Src/stm32f4xx_it.c **** /* USER CODE END 0 */
  56:Core/Src/stm32f4xx_it.c **** 
  57:Core/Src/stm32f4xx_it.c **** /* External variables --------------------------------------------------------*/
  58:Core/Src/stm32f4xx_it.c **** extern DMA_HandleTypeDef hdma_tim2_ch1;
  59:Core/Src/stm32f4xx_it.c **** /* USER CODE BEGIN EV */
  60:Core/Src/stm32f4xx_it.c **** 
  61:Core/Src/stm32f4xx_it.c **** /* USER CODE END EV */
  62:Core/Src/stm32f4xx_it.c **** 
  63:Core/Src/stm32f4xx_it.c **** /******************************************************************************/
  64:Core/Src/stm32f4xx_it.c **** /*           Cortex-M4 Processor Interruption and Exception Handlers          */
  65:Core/Src/stm32f4xx_it.c **** /******************************************************************************/
  66:Core/Src/stm32f4xx_it.c **** /**
  67:Core/Src/stm32f4xx_it.c ****   * @brief This function handles Non maskable interrupt.
  68:Core/Src/stm32f4xx_it.c ****   */
  69:Core/Src/stm32f4xx_it.c **** void NMI_Handler(void)
  70:Core/Src/stm32f4xx_it.c **** {
  29              		.loc 1 70 1 view -0
  30              		.cfi_startproc
  31              		@ Volatile: function does not return.
  32              		@ args = 0, pretend = 0, frame = 0
  33              		@ frame_needed = 0, uses_anonymous_args = 0
  34              		@ link register save eliminated.
  35              	.L2:
  71:Core/Src/stm32f4xx_it.c ****   /* USER CODE BEGIN NonMaskableInt_IRQn 0 */
  72:Core/Src/stm32f4xx_it.c **** 
  73:Core/Src/stm32f4xx_it.c ****   /* USER CODE END NonMaskableInt_IRQn 0 */
  74:Core/Src/stm32f4xx_it.c ****   /* USER CODE BEGIN NonMaskableInt_IRQn 1 */
  75:Core/Src/stm32f4xx_it.c ****    while (1)
  36              		.loc 1 75 4 view .LVU1
  76:Core/Src/stm32f4xx_it.c ****   {
  77:Core/Src/stm32f4xx_it.c ****   }
  37              		.loc 1 77 3 view .LVU2
  75:Core/Src/stm32f4xx_it.c ****   {
ARM GAS  C:\Users\einom\AppData\Local\Temp\ccWimFub.s 			page 3


  38              		.loc 1 75 10 view .LVU3
  39 0000 FEE7     		b	.L2
  40              		.cfi_endproc
  41              	.LFE134:
  43              		.section	.text.HardFault_Handler,"ax",%progbits
  44              		.align	1
  45              		.global	HardFault_Handler
  46              		.syntax unified
  47              		.thumb
  48              		.thumb_func
  50              	HardFault_Handler:
  51              	.LFB135:
  78:Core/Src/stm32f4xx_it.c ****   /* USER CODE END NonMaskableInt_IRQn 1 */
  79:Core/Src/stm32f4xx_it.c **** }
  80:Core/Src/stm32f4xx_it.c **** 
  81:Core/Src/stm32f4xx_it.c **** /**
  82:Core/Src/stm32f4xx_it.c ****   * @brief This function handles Hard fault interrupt.
  83:Core/Src/stm32f4xx_it.c ****   */
  84:Core/Src/stm32f4xx_it.c **** void HardFault_Handler(void)
  85:Core/Src/stm32f4xx_it.c **** {
  52              		.loc 1 85 1 view -0
  53              		.cfi_startproc
  54              		@ Volatile: function does not return.
  55              		@ args = 0, pretend = 0, frame = 0
  56              		@ frame_needed = 0, uses_anonymous_args = 0
  57              		@ link register save eliminated.
  86:Core/Src/stm32f4xx_it.c ****   /* USER CODE BEGIN HardFault_IRQn 0 */
  87:Core/Src/stm32f4xx_it.c ****   // Light PB7 to indicate HardFault
  88:Core/Src/stm32f4xx_it.c ****   RCC->AHB1ENR |= RCC_AHB1ENR_GPIOBEN;
  58              		.loc 1 88 3 view .LVU5
  59              		.loc 1 88 6 is_stmt 0 view .LVU6
  60 0000 084A     		ldr	r2, .L5
  61 0002 136B     		ldr	r3, [r2, #48]
  62              		.loc 1 88 16 view .LVU7
  63 0004 43F00203 		orr	r3, r3, #2
  64 0008 1363     		str	r3, [r2, #48]
  89:Core/Src/stm32f4xx_it.c ****   GPIOB->MODER &= ~(GPIO_MODER_MODER7);
  65              		.loc 1 89 3 is_stmt 1 view .LVU8
  66              		.loc 1 89 8 is_stmt 0 view .LVU9
  67 000a 074B     		ldr	r3, .L5+4
  68 000c 1A68     		ldr	r2, [r3]
  69              		.loc 1 89 16 view .LVU10
  70 000e 22F44042 		bic	r2, r2, #49152
  71 0012 1A60     		str	r2, [r3]
  90:Core/Src/stm32f4xx_it.c ****   GPIOB->MODER |= GPIO_MODER_MODER7_0;
  72              		.loc 1 90 3 is_stmt 1 view .LVU11
  73              		.loc 1 90 8 is_stmt 0 view .LVU12
  74 0014 1A68     		ldr	r2, [r3]
  75              		.loc 1 90 16 view .LVU13
  76 0016 42F48042 		orr	r2, r2, #16384
  77 001a 1A60     		str	r2, [r3]
  91:Core/Src/stm32f4xx_it.c ****   GPIOB->BSRR = GPIO_BSRR_BS7;
  78              		.loc 1 91 3 is_stmt 1 view .LVU14
  79              		.loc 1 91 15 is_stmt 0 view .LVU15
  80 001c 8022     		movs	r2, #128
  81 001e 9A61     		str	r2, [r3, #24]
  82              	.L4:
ARM GAS  C:\Users\einom\AppData\Local\Temp\ccWimFub.s 			page 4


  92:Core/Src/stm32f4xx_it.c ****   /* USER CODE END HardFault_IRQn 0 */
  93:Core/Src/stm32f4xx_it.c ****   while (1)
  83              		.loc 1 93 3 is_stmt 1 view .LVU16
  94:Core/Src/stm32f4xx_it.c ****   {
  95:Core/Src/stm32f4xx_it.c ****     /* USER CODE BEGIN W1_HardFault_IRQn 0 */
  96:Core/Src/stm32f4xx_it.c ****     /* USER CODE END W1_HardFault_IRQn 0 */
  97:Core/Src/stm32f4xx_it.c ****   }
  84              		.loc 1 97 3 view .LVU17
  93:Core/Src/stm32f4xx_it.c ****   {
  85              		.loc 1 93 9 view .LVU18
  86 0020 FEE7     		b	.L4
  87              	.L6:
  88 0022 00BF     		.align	2
  89              	.L5:
  90 0024 00380240 		.word	1073887232
  91 0028 00040240 		.word	1073873920
  92              		.cfi_endproc
  93              	.LFE135:
  95              		.section	.text.MemManage_Handler,"ax",%progbits
  96              		.align	1
  97              		.global	MemManage_Handler
  98              		.syntax unified
  99              		.thumb
 100              		.thumb_func
 102              	MemManage_Handler:
 103              	.LFB136:
  98:Core/Src/stm32f4xx_it.c **** }
  99:Core/Src/stm32f4xx_it.c **** 
 100:Core/Src/stm32f4xx_it.c **** /**
 101:Core/Src/stm32f4xx_it.c ****   * @brief This function handles Memory management fault.
 102:Core/Src/stm32f4xx_it.c ****   */
 103:Core/Src/stm32f4xx_it.c **** void MemManage_Handler(void)
 104:Core/Src/stm32f4xx_it.c **** {
 104              		.loc 1 104 1 view -0
 105              		.cfi_startproc
 106              		@ Volatile: function does not return.
 107              		@ args = 0, pretend = 0, frame = 0
 108              		@ frame_needed = 0, uses_anonymous_args = 0
 109              		@ link register save eliminated.
 110              	.L8:
 105:Core/Src/stm32f4xx_it.c ****   /* USER CODE BEGIN MemoryManagement_IRQn 0 */
 106:Core/Src/stm32f4xx_it.c **** 
 107:Core/Src/stm32f4xx_it.c ****   /* USER CODE END MemoryManagement_IRQn 0 */
 108:Core/Src/stm32f4xx_it.c ****   while (1)
 111              		.loc 1 108 3 view .LVU20
 109:Core/Src/stm32f4xx_it.c ****   {
 110:Core/Src/stm32f4xx_it.c ****     /* USER CODE BEGIN W1_MemoryManagement_IRQn 0 */
 111:Core/Src/stm32f4xx_it.c ****     /* USER CODE END W1_MemoryManagement_IRQn 0 */
 112:Core/Src/stm32f4xx_it.c ****   }
 112              		.loc 1 112 3 view .LVU21
 108:Core/Src/stm32f4xx_it.c ****   {
 113              		.loc 1 108 9 view .LVU22
 114 0000 FEE7     		b	.L8
 115              		.cfi_endproc
 116              	.LFE136:
 118              		.section	.text.BusFault_Handler,"ax",%progbits
 119              		.align	1
ARM GAS  C:\Users\einom\AppData\Local\Temp\ccWimFub.s 			page 5


 120              		.global	BusFault_Handler
 121              		.syntax unified
 122              		.thumb
 123              		.thumb_func
 125              	BusFault_Handler:
 126              	.LFB137:
 113:Core/Src/stm32f4xx_it.c **** }
 114:Core/Src/stm32f4xx_it.c **** 
 115:Core/Src/stm32f4xx_it.c **** /**
 116:Core/Src/stm32f4xx_it.c ****   * @brief This function handles Pre-fetch fault, memory access fault.
 117:Core/Src/stm32f4xx_it.c ****   */
 118:Core/Src/stm32f4xx_it.c **** void BusFault_Handler(void)
 119:Core/Src/stm32f4xx_it.c **** {
 127              		.loc 1 119 1 view -0
 128              		.cfi_startproc
 129              		@ Volatile: function does not return.
 130              		@ args = 0, pretend = 0, frame = 0
 131              		@ frame_needed = 0, uses_anonymous_args = 0
 132              		@ link register save eliminated.
 133              	.L10:
 120:Core/Src/stm32f4xx_it.c ****   /* USER CODE BEGIN BusFault_IRQn 0 */
 121:Core/Src/stm32f4xx_it.c **** 
 122:Core/Src/stm32f4xx_it.c ****   /* USER CODE END BusFault_IRQn 0 */
 123:Core/Src/stm32f4xx_it.c ****   while (1)
 134              		.loc 1 123 3 view .LVU24
 124:Core/Src/stm32f4xx_it.c ****   {
 125:Core/Src/stm32f4xx_it.c ****     /* USER CODE BEGIN W1_BusFault_IRQn 0 */
 126:Core/Src/stm32f4xx_it.c ****     /* USER CODE END W1_BusFault_IRQn 0 */
 127:Core/Src/stm32f4xx_it.c ****   }
 135              		.loc 1 127 3 view .LVU25
 123:Core/Src/stm32f4xx_it.c ****   {
 136              		.loc 1 123 9 view .LVU26
 137 0000 FEE7     		b	.L10
 138              		.cfi_endproc
 139              	.LFE137:
 141              		.section	.text.UsageFault_Handler,"ax",%progbits
 142              		.align	1
 143              		.global	UsageFault_Handler
 144              		.syntax unified
 145              		.thumb
 146              		.thumb_func
 148              	UsageFault_Handler:
 149              	.LFB138:
 128:Core/Src/stm32f4xx_it.c **** }
 129:Core/Src/stm32f4xx_it.c **** 
 130:Core/Src/stm32f4xx_it.c **** /**
 131:Core/Src/stm32f4xx_it.c ****   * @brief This function handles Undefined instruction or illegal state.
 132:Core/Src/stm32f4xx_it.c ****   */
 133:Core/Src/stm32f4xx_it.c **** void UsageFault_Handler(void)
 134:Core/Src/stm32f4xx_it.c **** {
 150              		.loc 1 134 1 view -0
 151              		.cfi_startproc
 152              		@ Volatile: function does not return.
 153              		@ args = 0, pretend = 0, frame = 0
 154              		@ frame_needed = 0, uses_anonymous_args = 0
 155              		@ link register save eliminated.
 156              	.L12:
ARM GAS  C:\Users\einom\AppData\Local\Temp\ccWimFub.s 			page 6


 135:Core/Src/stm32f4xx_it.c ****   /* USER CODE BEGIN UsageFault_IRQn 0 */
 136:Core/Src/stm32f4xx_it.c **** 
 137:Core/Src/stm32f4xx_it.c ****   /* USER CODE END UsageFault_IRQn 0 */
 138:Core/Src/stm32f4xx_it.c ****   while (1)
 157              		.loc 1 138 3 view .LVU28
 139:Core/Src/stm32f4xx_it.c ****   {
 140:Core/Src/stm32f4xx_it.c ****     /* USER CODE BEGIN W1_UsageFault_IRQn 0 */
 141:Core/Src/stm32f4xx_it.c ****     /* USER CODE END W1_UsageFault_IRQn 0 */
 142:Core/Src/stm32f4xx_it.c ****   }
 158              		.loc 1 142 3 view .LVU29
 138:Core/Src/stm32f4xx_it.c ****   {
 159              		.loc 1 138 9 view .LVU30
 160 0000 FEE7     		b	.L12
 161              		.cfi_endproc
 162              	.LFE138:
 164              		.section	.text.SVC_Handler,"ax",%progbits
 165              		.align	1
 166              		.global	SVC_Handler
 167              		.syntax unified
 168              		.thumb
 169              		.thumb_func
 171              	SVC_Handler:
 172              	.LFB139:
 143:Core/Src/stm32f4xx_it.c **** }
 144:Core/Src/stm32f4xx_it.c **** 
 145:Core/Src/stm32f4xx_it.c **** /**
 146:Core/Src/stm32f4xx_it.c ****   * @brief This function handles System service call via SWI instruction.
 147:Core/Src/stm32f4xx_it.c ****   */
 148:Core/Src/stm32f4xx_it.c **** void SVC_Handler(void)
 149:Core/Src/stm32f4xx_it.c **** {
 173              		.loc 1 149 1 view -0
 174              		.cfi_startproc
 175              		@ args = 0, pretend = 0, frame = 0
 176              		@ frame_needed = 0, uses_anonymous_args = 0
 177              		@ link register save eliminated.
 150:Core/Src/stm32f4xx_it.c ****   /* USER CODE BEGIN SVCall_IRQn 0 */
 151:Core/Src/stm32f4xx_it.c **** 
 152:Core/Src/stm32f4xx_it.c ****   /* USER CODE END SVCall_IRQn 0 */
 153:Core/Src/stm32f4xx_it.c ****   /* USER CODE BEGIN SVCall_IRQn 1 */
 154:Core/Src/stm32f4xx_it.c **** 
 155:Core/Src/stm32f4xx_it.c ****   /* USER CODE END SVCall_IRQn 1 */
 156:Core/Src/stm32f4xx_it.c **** }
 178              		.loc 1 156 1 view .LVU32
 179 0000 7047     		bx	lr
 180              		.cfi_endproc
 181              	.LFE139:
 183              		.section	.text.DebugMon_Handler,"ax",%progbits
 184              		.align	1
 185              		.global	DebugMon_Handler
 186              		.syntax unified
 187              		.thumb
 188              		.thumb_func
 190              	DebugMon_Handler:
 191              	.LFB140:
 157:Core/Src/stm32f4xx_it.c **** 
 158:Core/Src/stm32f4xx_it.c **** /**
 159:Core/Src/stm32f4xx_it.c ****   * @brief This function handles Debug monitor.
ARM GAS  C:\Users\einom\AppData\Local\Temp\ccWimFub.s 			page 7


 160:Core/Src/stm32f4xx_it.c ****   */
 161:Core/Src/stm32f4xx_it.c **** void DebugMon_Handler(void)
 162:Core/Src/stm32f4xx_it.c **** {
 192              		.loc 1 162 1 view -0
 193              		.cfi_startproc
 194              		@ args = 0, pretend = 0, frame = 0
 195              		@ frame_needed = 0, uses_anonymous_args = 0
 196              		@ link register save eliminated.
 163:Core/Src/stm32f4xx_it.c ****   /* USER CODE BEGIN DebugMonitor_IRQn 0 */
 164:Core/Src/stm32f4xx_it.c **** 
 165:Core/Src/stm32f4xx_it.c ****   /* USER CODE END DebugMonitor_IRQn 0 */
 166:Core/Src/stm32f4xx_it.c ****   /* USER CODE BEGIN DebugMonitor_IRQn 1 */
 167:Core/Src/stm32f4xx_it.c **** 
 168:Core/Src/stm32f4xx_it.c ****   /* USER CODE END DebugMonitor_IRQn 1 */
 169:Core/Src/stm32f4xx_it.c **** }
 197              		.loc 1 169 1 view .LVU34
 198 0000 7047     		bx	lr
 199              		.cfi_endproc
 200              	.LFE140:
 202              		.section	.text.PendSV_Handler,"ax",%progbits
 203              		.align	1
 204              		.global	PendSV_Handler
 205              		.syntax unified
 206              		.thumb
 207              		.thumb_func
 209              	PendSV_Handler:
 210              	.LFB141:
 170:Core/Src/stm32f4xx_it.c **** 
 171:Core/Src/stm32f4xx_it.c **** /**
 172:Core/Src/stm32f4xx_it.c ****   * @brief This function handles Pendable request for system service.
 173:Core/Src/stm32f4xx_it.c ****   */
 174:Core/Src/stm32f4xx_it.c **** void PendSV_Handler(void)
 175:Core/Src/stm32f4xx_it.c **** {
 211              		.loc 1 175 1 view -0
 212              		.cfi_startproc
 213              		@ args = 0, pretend = 0, frame = 0
 214              		@ frame_needed = 0, uses_anonymous_args = 0
 215              		@ link register save eliminated.
 176:Core/Src/stm32f4xx_it.c ****   /* USER CODE BEGIN PendSV_IRQn 0 */
 177:Core/Src/stm32f4xx_it.c **** 
 178:Core/Src/stm32f4xx_it.c ****   /* USER CODE END PendSV_IRQn 0 */
 179:Core/Src/stm32f4xx_it.c ****   /* USER CODE BEGIN PendSV_IRQn 1 */
 180:Core/Src/stm32f4xx_it.c **** 
 181:Core/Src/stm32f4xx_it.c ****   /* USER CODE END PendSV_IRQn 1 */
 182:Core/Src/stm32f4xx_it.c **** }
 216              		.loc 1 182 1 view .LVU36
 217 0000 7047     		bx	lr
 218              		.cfi_endproc
 219              	.LFE141:
 221              		.section	.text.SysTick_Handler,"ax",%progbits
 222              		.align	1
 223              		.global	SysTick_Handler
 224              		.syntax unified
 225              		.thumb
 226              		.thumb_func
 228              	SysTick_Handler:
 229              	.LFB142:
ARM GAS  C:\Users\einom\AppData\Local\Temp\ccWimFub.s 			page 8


 183:Core/Src/stm32f4xx_it.c **** 
 184:Core/Src/stm32f4xx_it.c **** /**
 185:Core/Src/stm32f4xx_it.c ****   * @brief This function handles System tick timer.
 186:Core/Src/stm32f4xx_it.c ****   */
 187:Core/Src/stm32f4xx_it.c **** void SysTick_Handler(void)
 188:Core/Src/stm32f4xx_it.c **** {
 230              		.loc 1 188 1 view -0
 231              		.cfi_startproc
 232              		@ args = 0, pretend = 0, frame = 0
 233              		@ frame_needed = 0, uses_anonymous_args = 0
 234 0000 08B5     		push	{r3, lr}
 235              	.LCFI0:
 236              		.cfi_def_cfa_offset 8
 237              		.cfi_offset 3, -8
 238              		.cfi_offset 14, -4
 189:Core/Src/stm32f4xx_it.c ****   /* USER CODE BEGIN SysTick_IRQn 0 */
 190:Core/Src/stm32f4xx_it.c **** 
 191:Core/Src/stm32f4xx_it.c ****   /* USER CODE END SysTick_IRQn 0 */
 192:Core/Src/stm32f4xx_it.c ****   HAL_IncTick();
 239              		.loc 1 192 3 view .LVU38
 240 0002 FFF7FEFF 		bl	HAL_IncTick
 241              	.LVL0:
 193:Core/Src/stm32f4xx_it.c ****   /* USER CODE BEGIN SysTick_IRQn 1 */
 194:Core/Src/stm32f4xx_it.c **** 
 195:Core/Src/stm32f4xx_it.c ****   /* USER CODE END SysTick_IRQn 1 */
 196:Core/Src/stm32f4xx_it.c **** }
 242              		.loc 1 196 1 is_stmt 0 view .LVU39
 243 0006 08BD     		pop	{r3, pc}
 244              		.cfi_endproc
 245              	.LFE142:
 247              		.section	.text.DMA1_Stream5_IRQHandler,"ax",%progbits
 248              		.align	1
 249              		.global	DMA1_Stream5_IRQHandler
 250              		.syntax unified
 251              		.thumb
 252              		.thumb_func
 254              	DMA1_Stream5_IRQHandler:
 255              	.LFB143:
 197:Core/Src/stm32f4xx_it.c **** 
 198:Core/Src/stm32f4xx_it.c **** /******************************************************************************/
 199:Core/Src/stm32f4xx_it.c **** /* STM32F4xx Peripheral Interrupt Handlers                                    */
 200:Core/Src/stm32f4xx_it.c **** /* Add here the Interrupt Handlers for the used peripherals.                  */
 201:Core/Src/stm32f4xx_it.c **** /* For the available peripheral interrupt handler names,                      */
 202:Core/Src/stm32f4xx_it.c **** /* please refer to the startup file (startup_stm32f4xx.s).                    */
 203:Core/Src/stm32f4xx_it.c **** /******************************************************************************/
 204:Core/Src/stm32f4xx_it.c **** 
 205:Core/Src/stm32f4xx_it.c **** /**
 206:Core/Src/stm32f4xx_it.c ****   * @brief This function handles DMA1 stream5 global interrupt.
 207:Core/Src/stm32f4xx_it.c ****   */
 208:Core/Src/stm32f4xx_it.c **** void DMA1_Stream5_IRQHandler(void)
 209:Core/Src/stm32f4xx_it.c **** {
 256              		.loc 1 209 1 is_stmt 1 view -0
 257              		.cfi_startproc
 258              		@ args = 0, pretend = 0, frame = 0
 259              		@ frame_needed = 0, uses_anonymous_args = 0
 260 0000 08B5     		push	{r3, lr}
 261              	.LCFI1:
ARM GAS  C:\Users\einom\AppData\Local\Temp\ccWimFub.s 			page 9


 262              		.cfi_def_cfa_offset 8
 263              		.cfi_offset 3, -8
 264              		.cfi_offset 14, -4
 210:Core/Src/stm32f4xx_it.c ****   /* USER CODE BEGIN DMA1_Stream5_IRQn 0 */
 211:Core/Src/stm32f4xx_it.c **** 
 212:Core/Src/stm32f4xx_it.c ****   /* USER CODE END DMA1_Stream5_IRQn 0 */
 213:Core/Src/stm32f4xx_it.c ****   HAL_DMA_IRQHandler(&hdma_tim2_ch1);
 265              		.loc 1 213 3 view .LVU41
 266 0002 0248     		ldr	r0, .L20
 267 0004 FFF7FEFF 		bl	HAL_DMA_IRQHandler
 268              	.LVL1:
 214:Core/Src/stm32f4xx_it.c ****   /* USER CODE BEGIN DMA1_Stream5_IRQn 1 */
 215:Core/Src/stm32f4xx_it.c **** 
 216:Core/Src/stm32f4xx_it.c ****   /* USER CODE END DMA1_Stream5_IRQn 1 */
 217:Core/Src/stm32f4xx_it.c **** }
 269              		.loc 1 217 1 is_stmt 0 view .LVU42
 270 0008 08BD     		pop	{r3, pc}
 271              	.L21:
 272 000a 00BF     		.align	2
 273              	.L20:
 274 000c 00000000 		.word	hdma_tim2_ch1
 275              		.cfi_endproc
 276              	.LFE143:
 278              		.text
 279              	.Letext0:
 280              		.file 2 "C:\\ST\\STM32CubeIDE_1.19.0\\STM32CubeIDE\\plugins\\com.st.stm32cube.ide.mcu.externaltool
 281              		.file 3 "C:\\ST\\STM32CubeIDE_1.19.0\\STM32CubeIDE\\plugins\\com.st.stm32cube.ide.mcu.externaltool
 282              		.file 4 "Drivers/CMSIS/Device/ST/STM32F4xx/Include/stm32f446xx.h"
 283              		.file 5 "Drivers/STM32F4xx_HAL_Driver/Inc/stm32f4xx_hal_def.h"
 284              		.file 6 "Drivers/STM32F4xx_HAL_Driver/Inc/stm32f4xx_hal_dma.h"
 285              		.file 7 "Drivers/STM32F4xx_HAL_Driver/Inc/stm32f4xx_hal.h"
ARM GAS  C:\Users\einom\AppData\Local\Temp\ccWimFub.s 			page 10


DEFINED SYMBOLS
                            *ABS*:00000000 stm32f4xx_it.c
C:\Users\einom\AppData\Local\Temp\ccWimFub.s:21     .text.NMI_Handler:00000000 $t
C:\Users\einom\AppData\Local\Temp\ccWimFub.s:27     .text.NMI_Handler:00000000 NMI_Handler
C:\Users\einom\AppData\Local\Temp\ccWimFub.s:44     .text.HardFault_Handler:00000000 $t
C:\Users\einom\AppData\Local\Temp\ccWimFub.s:50     .text.HardFault_Handler:00000000 HardFault_Handler
C:\Users\einom\AppData\Local\Temp\ccWimFub.s:90     .text.HardFault_Handler:00000024 $d
C:\Users\einom\AppData\Local\Temp\ccWimFub.s:96     .text.MemManage_Handler:00000000 $t
C:\Users\einom\AppData\Local\Temp\ccWimFub.s:102    .text.MemManage_Handler:00000000 MemManage_Handler
C:\Users\einom\AppData\Local\Temp\ccWimFub.s:119    .text.BusFault_Handler:00000000 $t
C:\Users\einom\AppData\Local\Temp\ccWimFub.s:125    .text.BusFault_Handler:00000000 BusFault_Handler
C:\Users\einom\AppData\Local\Temp\ccWimFub.s:142    .text.UsageFault_Handler:00000000 $t
C:\Users\einom\AppData\Local\Temp\ccWimFub.s:148    .text.UsageFault_Handler:00000000 UsageFault_Handler
C:\Users\einom\AppData\Local\Temp\ccWimFub.s:165    .text.SVC_Handler:00000000 $t
C:\Users\einom\AppData\Local\Temp\ccWimFub.s:171    .text.SVC_Handler:00000000 SVC_Handler
C:\Users\einom\AppData\Local\Temp\ccWimFub.s:184    .text.DebugMon_Handler:00000000 $t
C:\Users\einom\AppData\Local\Temp\ccWimFub.s:190    .text.DebugMon_Handler:00000000 DebugMon_Handler
C:\Users\einom\AppData\Local\Temp\ccWimFub.s:203    .text.PendSV_Handler:00000000 $t
C:\Users\einom\AppData\Local\Temp\ccWimFub.s:209    .text.PendSV_Handler:00000000 PendSV_Handler
C:\Users\einom\AppData\Local\Temp\ccWimFub.s:222    .text.SysTick_Handler:00000000 $t
C:\Users\einom\AppData\Local\Temp\ccWimFub.s:228    .text.SysTick_Handler:00000000 SysTick_Handler
C:\Users\einom\AppData\Local\Temp\ccWimFub.s:248    .text.DMA1_Stream5_IRQHandler:00000000 $t
C:\Users\einom\AppData\Local\Temp\ccWimFub.s:254    .text.DMA1_Stream5_IRQHandler:00000000 DMA1_Stream5_IRQHandler
C:\Users\einom\AppData\Local\Temp\ccWimFub.s:274    .text.DMA1_Stream5_IRQHandler:0000000c $d

UNDEFINED SYMBOLS
HAL_IncTick
HAL_DMA_IRQHandler
hdma_tim2_ch1
